{"level":"error","message":"[10:43:45] 테스트 메세지-error"}
{"level":"info","message":"[10:43:45] 테스트 메세지"}
{"level":"info","message":"[10:43:47] 테스트 메세지"}
{"level":"error","message":"[10:43:47] 테스트 메세지-error"}
{"level":"error","message":"[10:57:02] 404 GET /는 없는 페이지 입니다."}
{"level":"error","message":"[10:57:02] \"Error: GET /는 없는 페이지 입니다.\\n    at D:\\\\node-schedule\\\\app.js:29:16\\n    at Layer.handle [as handle_request] (D:\\\\node-schedule\\\\node_modules\\\\express\\\\lib\\\\router\\\\layer.js:95:5)\\n    at trim_prefix (D:\\\\node-schedule\\\\node_modules\\\\express\\\\lib\\\\router\\\\index.js:317:13)\\n    at D:\\\\node-schedule\\\\node_modules\\\\express\\\\lib\\\\router\\\\index.js:284:7\\n    at Function.process_params (D:\\\\node-schedule\\\\node_modules\\\\express\\\\lib\\\\router\\\\index.js:335:12)\\n    at next (D:\\\\node-schedule\\\\node_modules\\\\express\\\\lib\\\\router\\\\index.js:275:10)\\n    at logger (D:\\\\node-schedule\\\\node_modules\\\\morgan\\\\index.js:144:5)\\n    at Layer.handle [as handle_request] (D:\\\\node-schedule\\\\node_modules\\\\express\\\\lib\\\\router\\\\layer.js:95:5)\\n    at trim_prefix (D:\\\\node-schedule\\\\node_modules\\\\express\\\\lib\\\\router\\\\index.js:317:13)\\n    at D:\\\\node-schedule\\\\node_modules\\\\express\\\\lib\\\\router\\\\index.js:284:7\""}
{"level":"error","message":"[10:57:02] 404 GET /favicon.ico는 없는 페이지 입니다."}
{"level":"error","message":"[10:57:02] \"Error: GET /favicon.ico는 없는 페이지 입니다.\\n    at D:\\\\node-schedule\\\\app.js:29:16\\n    at Layer.handle [as handle_request] (D:\\\\node-schedule\\\\node_modules\\\\express\\\\lib\\\\router\\\\layer.js:95:5)\\n    at trim_prefix (D:\\\\node-schedule\\\\node_modules\\\\express\\\\lib\\\\router\\\\index.js:317:13)\\n    at D:\\\\node-schedule\\\\node_modules\\\\express\\\\lib\\\\router\\\\index.js:284:7\\n    at Function.process_params (D:\\\\node-schedule\\\\node_modules\\\\express\\\\lib\\\\router\\\\index.js:335:12)\\n    at next (D:\\\\node-schedule\\\\node_modules\\\\express\\\\lib\\\\router\\\\index.js:275:10)\\n    at logger (D:\\\\node-schedule\\\\node_modules\\\\morgan\\\\index.js:144:5)\\n    at Layer.handle [as handle_request] (D:\\\\node-schedule\\\\node_modules\\\\express\\\\lib\\\\router\\\\layer.js:95:5)\\n    at trim_prefix (D:\\\\node-schedule\\\\node_modules\\\\express\\\\lib\\\\router\\\\index.js:317:13)\\n    at D:\\\\node-schedule\\\\node_modules\\\\express\\\\lib\\\\router\\\\index.js:284:7\""}
{"level":"info","message":"[11:07:06] 데이터베이스 연결 성공"}
{"level":"info","message":"[11:07:10] 데이터베이스 연결 성공"}
{"level":"info","message":"[11:07:27] 데이터베이스 연결 성공"}
{"level":"info","message":"[11:07:34] 데이터베이스 연결 성공"}
{"level":"info","message":"[11:07:41] 데이터베이스 연결 성공"}
{"level":"info","message":"[11:07:59] 데이터베이스 연결 성공"}
{"level":"info","message":"[11:08:34] 데이터베이스 연결 성공"}
{"level":"info","message":"[11:08:49] 데이터베이스 연결 성공"}
{"level":"info","message":"[11:08:58] 데이터베이스 연결 성공"}
{"level":"error","message":"[11:09:02] Error: GET /는 없는 페이지 입니다.\n    at D:\\node-schedule\\app.js:40:16\n    at Layer.handle [as handle_request] (D:\\node-schedule\\node_modules\\express\\lib\\router\\layer.js:95:5)\n    at trim_prefix (D:\\node-schedule\\node_modules\\express\\lib\\router\\index.js:317:13)\n    at D:\\node-schedule\\node_modules\\express\\lib\\router\\index.js:284:7\n    at Function.process_params (D:\\node-schedule\\node_modules\\express\\lib\\router\\index.js:335:12)\n    at next (D:\\node-schedule\\node_modules\\express\\lib\\router\\index.js:275:10)\n    at logger (D:\\node-schedule\\node_modules\\morgan\\index.js:144:5)\n    at Layer.handle [as handle_request] (D:\\node-schedule\\node_modules\\express\\lib\\router\\layer.js:95:5)\n    at trim_prefix (D:\\node-schedule\\node_modules\\express\\lib\\router\\index.js:317:13)\n    at D:\\node-schedule\\node_modules\\express\\lib\\router\\index.js:284:7"}
{"level":"error","message":"[11:09:02] 404 GET /는 없는 페이지 입니다."}
{"level":"info","message":"[11:09:16] 데이터베이스 연결 성공"}
{"level":"error","message":"[11:09:32] Access denied for user 'scheduler'@'localhost' (using password: YES)"}
{"level":"error","message":"[11:09:32] SequelizeAccessDeniedError: Access denied for user 'scheduler'@'localhost' (using password: YES)\n    at ConnectionManager.connect (D:\\node-schedule\\node_modules\\sequelize\\lib\\dialects\\mysql\\connection-manager.js:118:17)\n    at processTicksAndRejections (internal/process/task_queues.js:93:5)\n    at async ConnectionManager._connect (D:\\node-schedule\\node_modules\\sequelize\\lib\\dialects\\abstract\\connection-manager.js:318:24)\n    at async D:\\node-schedule\\node_modules\\sequelize\\lib\\dialects\\abstract\\connection-manager.js:250:32\n    at async ConnectionManager.getConnection (D:\\node-schedule\\node_modules\\sequelize\\lib\\dialects\\abstract\\connection-manager.js:280:7)\n    at async D:\\node-schedule\\node_modules\\sequelize\\lib\\sequelize.js:613:26\n    at async Sequelize.authenticate (D:\\node-schedule\\node_modules\\sequelize\\lib\\sequelize.js:867:5)\n    at async Sequelize.sync (D:\\node-schedule\\node_modules\\sequelize\\lib\\sequelize.js:791:7)"}
{"level":"info","message":"[11:09:40] 데이터베이스 연결 성공"}
{"level":"info","message":"[11:09:42] 데이터베이스 연결 성공"}
{"level":"info","message":"[11:11:10] 데이터베이스 연결 성공"}
{"level":"info","message":"[11:11:28] 데이터베이스 연결 성공"}
{"level":"info","message":"[11:11:37] 데이터베이스 연결 성공"}
{"level":"info","message":"[11:11:44] 데이터베이스 연결 성공"}
{"level":"info","message":"[11:11:48] 데이터베이스 연결 성공"}
{"level":"info","message":"[11:11:50] 데이터베이스 연결 성공"}
{"level":"info","message":"[11:12:29] 데이터베이스 연결 성공"}
{"level":"info","message":"[11:12:38] 데이터베이스 연결 성공"}
{"level":"info","message":"[11:13:32] 데이터베이스 연결 성공"}
{"level":"info","message":"[11:13:38] 데이터베이스 연결 성공"}
{"level":"info","message":"[11:13:56] 데이터베이스 연결 성공"}
{"level":"info","message":"[11:14:11] 데이터베이스 연결 성공"}
{"level":"info","message":"[11:14:46] 데이터베이스 연결 성공"}
{"level":"info","message":"[11:15:04] 데이터베이스 연결 성공"}
{"level":"info","message":"[11:15:49] 데이터베이스 연결 성공"}
{"level":"info","message":"[11:17:09] 데이터베이스 연결 성공"}
{"level":"info","message":"[11:17:14] 데이터베이스 연결 성공"}
{"level":"info","message":"[11:19:03] 데이터베이스 연결 성공"}
{"level":"info","message":"[11:19:33] 데이터베이스 연결 성공"}
{"level":"info","message":"[11:19:44] 데이터베이스 연결 성공"}
{"level":"info","message":"[11:19:47] 데이터베이스 연결 성공"}
{"level":"error","message":"[11:21:16] 500 template not found: main.html"}
{"level":"error","message":"[11:21:16] Error: template not found: main.html\n    at createTemplate (D:\\node-schedule\\node_modules\\nunjucks\\src\\environment.js:290:15)\n    at next (D:\\node-schedule\\node_modules\\nunjucks\\src\\lib.js:330:7)\n    at handle (D:\\node-schedule\\node_modules\\nunjucks\\src\\environment.js:329:11)\n    at D:\\node-schedule\\node_modules\\nunjucks\\src\\environment.js:339:9\n    at next (D:\\node-schedule\\node_modules\\nunjucks\\src\\lib.js:328:7)\n    at Object.asyncIter (D:\\node-schedule\\node_modules\\nunjucks\\src\\lib.js:334:3)\n    at Environment.getTemplate (D:\\node-schedule\\node_modules\\nunjucks\\src\\environment.js:321:9)\n    at Environment.render (D:\\node-schedule\\node_modules\\nunjucks\\src\\environment.js:360:10)\n    at NunjucksView.render (D:\\node-schedule\\node_modules\\nunjucks\\src\\express-app.js:22:9)\n    at tryRender (D:\\node-schedule\\node_modules\\express\\lib\\application.js:640:10)"}
{"level":"info","message":"[11:33:53] 데이터베이스 연결 성공"}
{"level":"info","message":"[11:42:06] 데이터베이스 연결 성공"}
{"level":"error","message":"[11:44:16] Template render error: (D:\\node-schedule\\views\\main.html) [Line 7, Column 4]\n  unknown block tag: end\n    at Object._prettifyError (D:\\node-schedule\\node_modules\\nunjucks\\src\\lib.js:36:11)\n    at Template.render (D:\\node-schedule\\node_modules\\nunjucks\\src\\environment.js:538:21)\n    at D:\\node-schedule\\node_modules\\nunjucks\\src\\environment.js:366:27\n    at createTemplate (D:\\node-schedule\\node_modules\\nunjucks\\src\\environment.js:315:9)\n    at handle (D:\\node-schedule\\node_modules\\nunjucks\\src\\environment.js:327:11)\n    at D:\\node-schedule\\node_modules\\nunjucks\\src\\environment.js:339:9\n    at next (D:\\node-schedule\\node_modules\\nunjucks\\src\\lib.js:328:7)\n    at Object.asyncIter (D:\\node-schedule\\node_modules\\nunjucks\\src\\lib.js:334:3)\n    at Environment.getTemplate (D:\\node-schedule\\node_modules\\nunjucks\\src\\environment.js:321:9)\n    at Environment.render (D:\\node-schedule\\node_modules\\nunjucks\\src\\environment.js:360:10)"}
{"level":"error","message":"[11:44:16] 500 (D:\\node-schedule\\views\\main.html) [Line 7, Column 4]\n  unknown block tag: end"}
{"level":"info","message":"[11:44:36] 데이터베이스 연결 성공"}
{"level":"info","message":"[11:50:21] 데이터베이스 연결 성공"}
{"level":"info","message":"[11:50:54] 데이터베이스 연결 성공"}
{"level":"info","message":"[11:51:01] 데이터베이스 연결 성공"}
{"level":"info","message":"[11:51:51] 데이터베이스 연결 성공"}
{"level":"info","message":"[11:52:24] 데이터베이스 연결 성공"}
{"level":"info","message":"[11:52:28] 데이터베이스 연결 성공"}
{"level":"info","message":"[11:53:11] 데이터베이스 연결 성공"}
{"level":"info","message":"[11:53:28] 데이터베이스 연결 성공"}
{"level":"info","message":"[11:53:39] 데이터베이스 연결 성공"}
{"level":"info","message":"[11:53:54] 데이터베이스 연결 성공"}
{"level":"info","message":"[11:54:04] 데이터베이스 연결 성공"}
{"level":"info","message":"[11:54:05] 데이터베이스 연결 성공"}
{"level":"info","message":"[11:54:49] 데이터베이스 연결 성공"}
{"level":"info","message":"[11:54:52] 데이터베이스 연결 성공"}
{"level":"info","message":"[11:54:54] 데이터베이스 연결 성공"}
{"level":"info","message":"[11:55:08] 데이터베이스 연결 성공"}
{"level":"error","message":"[11:55:28] 500 scheduler.getCalendarI is not a function"}
{"level":"error","message":"[11:55:28] TypeError: scheduler.getCalendarI is not a function\n    at D:\\node-schedule\\routes\\index.js:9:13\n    at Layer.handle [as handle_request] (D:\\node-schedule\\node_modules\\express\\lib\\router\\layer.js:95:5)\n    at next (D:\\node-schedule\\node_modules\\express\\lib\\router\\route.js:137:13)\n    at Route.dispatch (D:\\node-schedule\\node_modules\\express\\lib\\router\\route.js:112:3)\n    at Layer.handle [as handle_request] (D:\\node-schedule\\node_modules\\express\\lib\\router\\layer.js:95:5)\n    at D:\\node-schedule\\node_modules\\express\\lib\\router\\index.js:281:22\n    at Function.process_params (D:\\node-schedule\\node_modules\\express\\lib\\router\\index.js:335:12)\n    at next (D:\\node-schedule\\node_modules\\express\\lib\\router\\index.js:275:10)\n    at Function.handle (D:\\node-schedule\\node_modules\\express\\lib\\router\\index.js:174:3)\n    at router (D:\\node-schedule\\node_modules\\express\\lib\\router\\index.js:47:12)"}
{"level":"info","message":"[11:55:34] 데이터베이스 연결 성공"}
{"level":"info","message":"[11:56:00] 데이터베이스 연결 성공"}
{"level":"info","message":"[11:56:46] 데이터베이스 연결 성공"}
{"level":"info","message":"[11:56:58] 데이터베이스 연결 성공"}
{"level":"info","message":"[11:57:10] 데이터베이스 연결 성공"}
{"level":"info","message":"[12:00:03] 데이터베이스 연결 성공"}
{"level":"info","message":"[12:00:04] 데이터베이스 연결 성공"}
{"level":"info","message":"[12:00:49] 데이터베이스 연결 성공"}
{"level":"info","message":"[12:01:12] 데이터베이스 연결 성공"}
{"level":"info","message":"[12:01:39] 데이터베이스 연결 성공"}
{"level":"info","message":"[12:01:52] 데이터베이스 연결 성공"}
{"level":"info","message":"[12:03:13] 데이터베이스 연결 성공"}
{"level":"info","message":"[12:03:15] 데이터베이스 연결 성공"}
{"level":"info","message":"[12:04:51] 데이터베이스 연결 성공"}
{"level":"info","message":"[12:05:12] 데이터베이스 연결 성공"}
{"level":"info","message":"[12:05:26] 데이터베이스 연결 성공"}
{"level":"info","message":"[12:05:34] 데이터베이스 연결 성공"}
{"level":"info","message":"[12:09:04] 데이터베이스 연결 성공"}
{"level":"info","message":"[12:09:09] 데이터베이스 연결 성공"}
{"level":"info","message":"[12:09:26] 데이터베이스 연결 성공"}
{"level":"info","message":"[12:09:29] 데이터베이스 연결 성공"}
{"level":"info","message":"[12:12:35] 데이터베이스 연결 성공"}
{"level":"info","message":"[12:12:39] 데이터베이스 연결 성공"}
{"level":"info","message":"[12:14:39] 데이터베이스 연결 성공"}
{"level":"info","message":"[12:14:42] 데이터베이스 연결 성공"}
{"level":"info","message":"[12:14:46] 데이터베이스 연결 성공"}
{"level":"info","message":"[12:14:50] 데이터베이스 연결 성공"}
{"level":"info","message":"[12:15:08] 데이터베이스 연결 성공"}
{"level":"info","message":"[12:15:22] 데이터베이스 연결 성공"}
{"level":"info","message":"[12:15:36] 데이터베이스 연결 성공"}
{"level":"info","message":"[12:16:22] 데이터베이스 연결 성공"}
{"level":"info","message":"[12:16:23] 데이터베이스 연결 성공"}
{"level":"info","message":"[12:16:24] 데이터베이스 연결 성공"}
{"level":"info","message":"[12:16:33] 데이터베이스 연결 성공"}
{"level":"info","message":"[12:16:35] 데이터베이스 연결 성공"}
{"level":"info","message":"[12:18:07] 데이터베이스 연결 성공"}
{"level":"info","message":"[12:18:30] 데이터베이스 연결 성공"}
{"level":"info","message":"[12:18:46] 데이터베이스 연결 성공"}
{"level":"info","message":"[12:41:02] 데이터베이스 연결 성공"}
{"level":"error","message":"[12:41:03] 500 Assignment to constant variable."}
{"level":"error","message":"[12:41:03] TypeError: Assignment to constant variable.\n    at Object.getCalendar (D:\\node-schedule\\models\\scheduler.js:45:13)\n    at D:\\node-schedule\\routes\\index.js:9:13\n    at Layer.handle [as handle_request] (D:\\node-schedule\\node_modules\\express\\lib\\router\\layer.js:95:5)\n    at next (D:\\node-schedule\\node_modules\\express\\lib\\router\\route.js:137:13)\n    at Route.dispatch (D:\\node-schedule\\node_modules\\express\\lib\\router\\route.js:112:3)\n    at Layer.handle [as handle_request] (D:\\node-schedule\\node_modules\\express\\lib\\router\\layer.js:95:5)\n    at D:\\node-schedule\\node_modules\\express\\lib\\router\\index.js:281:22\n    at Function.process_params (D:\\node-schedule\\node_modules\\express\\lib\\router\\index.js:335:12)\n    at next (D:\\node-schedule\\node_modules\\express\\lib\\router\\index.js:275:10)\n    at Function.handle (D:\\node-schedule\\node_modules\\express\\lib\\router\\index.js:174:3)"}
{"level":"info","message":"[12:41:18] 데이터베이스 연결 성공"}
{"level":"error","message":"[12:41:23] ReferenceError: timeStamp is not defined\n    at Object.getYoil (D:\\node-schedule\\models\\scheduler.js:68:3)\n    at Object.getCalendar (D:\\node-schedule\\models\\scheduler.js:50:25)\n    at D:\\node-schedule\\routes\\index.js:9:13\n    at Layer.handle [as handle_request] (D:\\node-schedule\\node_modules\\express\\lib\\router\\layer.js:95:5)\n    at next (D:\\node-schedule\\node_modules\\express\\lib\\router\\route.js:137:13)\n    at Route.dispatch (D:\\node-schedule\\node_modules\\express\\lib\\router\\route.js:112:3)\n    at Layer.handle [as handle_request] (D:\\node-schedule\\node_modules\\express\\lib\\router\\layer.js:95:5)\n    at D:\\node-schedule\\node_modules\\express\\lib\\router\\index.js:281:22\n    at Function.process_params (D:\\node-schedule\\node_modules\\express\\lib\\router\\index.js:335:12)\n    at next (D:\\node-schedule\\node_modules\\express\\lib\\router\\index.js:275:10)"}
{"level":"error","message":"[12:41:23] 500 timeStamp is not defined"}
{"level":"info","message":"[12:41:53] 데이터베이스 연결 성공"}
{"level":"info","message":"[12:41:59] 데이터베이스 연결 성공"}
{"level":"error","message":"[12:41:59] 500 timeStamp is not defined"}
{"level":"error","message":"[12:41:59] ReferenceError: timeStamp is not defined\n    at Object.getYoil (D:\\node-schedule\\models\\scheduler.js:69:3)\n    at Object.getCalendar (D:\\node-schedule\\models\\scheduler.js:50:25)\n    at D:\\node-schedule\\routes\\index.js:9:13\n    at Layer.handle [as handle_request] (D:\\node-schedule\\node_modules\\express\\lib\\router\\layer.js:95:5)\n    at next (D:\\node-schedule\\node_modules\\express\\lib\\router\\route.js:137:13)\n    at Route.dispatch (D:\\node-schedule\\node_modules\\express\\lib\\router\\route.js:112:3)\n    at Layer.handle [as handle_request] (D:\\node-schedule\\node_modules\\express\\lib\\router\\layer.js:95:5)\n    at D:\\node-schedule\\node_modules\\express\\lib\\router\\index.js:281:22\n    at Function.process_params (D:\\node-schedule\\node_modules\\express\\lib\\router\\index.js:335:12)\n    at next (D:\\node-schedule\\node_modules\\express\\lib\\router\\index.js:275:10)"}
{"level":"info","message":"[12:42:02] 데이터베이스 연결 성공"}
{"level":"error","message":"[12:42:03] ReferenceError: timeStamp is not defined\n    at Object.getYoil (D:\\node-schedule\\models\\scheduler.js:69:3)\n    at Object.getCalendar (D:\\node-schedule\\models\\scheduler.js:50:25)\n    at D:\\node-schedule\\routes\\index.js:9:13\n    at Layer.handle [as handle_request] (D:\\node-schedule\\node_modules\\express\\lib\\router\\layer.js:95:5)\n    at next (D:\\node-schedule\\node_modules\\express\\lib\\router\\route.js:137:13)\n    at Route.dispatch (D:\\node-schedule\\node_modules\\express\\lib\\router\\route.js:112:3)\n    at Layer.handle [as handle_request] (D:\\node-schedule\\node_modules\\express\\lib\\router\\layer.js:95:5)\n    at D:\\node-schedule\\node_modules\\express\\lib\\router\\index.js:281:22\n    at Function.process_params (D:\\node-schedule\\node_modules\\express\\lib\\router\\index.js:335:12)\n    at next (D:\\node-schedule\\node_modules\\express\\lib\\router\\index.js:275:10)"}
{"level":"error","message":"[12:42:03] 500 timeStamp is not defined"}
{"level":"error","message":"[12:42:26] 500 timeStamp is not defined"}
{"level":"error","message":"[12:43:31] ReferenceError: timeStamp is not defined\n    at Object.getYoil (D:\\node-schedule\\models\\scheduler.js:69:3)\n    at Object.getCalendar (D:\\node-schedule\\models\\scheduler.js:50:25)\n    at D:\\node-schedule\\routes\\index.js:9:13\n    at Layer.handle [as handle_request] (D:\\node-schedule\\node_modules\\express\\lib\\router\\layer.js:95:5)\n    at next (D:\\node-schedule\\node_modules\\express\\lib\\router\\route.js:137:13)\n    at Route.dispatch (D:\\node-schedule\\node_modules\\express\\lib\\router\\route.js:112:3)\n    at Layer.handle [as handle_request] (D:\\node-schedule\\node_modules\\express\\lib\\router\\layer.js:95:5)\n    at D:\\node-schedule\\node_modules\\express\\lib\\router\\index.js:281:22\n    at Function.process_params (D:\\node-schedule\\node_modules\\express\\lib\\router\\index.js:335:12)\n    at next (D:\\node-schedule\\node_modules\\express\\lib\\router\\index.js:275:10)"}
{"level":"info","message":"[12:43:32] 데이터베이스 연결 성공"}
{"level":"info","message":"[12:44:33] 데이터베이스 연결 성공"}
{"level":"info","message":"[12:45:05] 데이터베이스 연결 성공"}
{"level":"info","message":"[12:46:26] 데이터베이스 연결 성공"}
{"level":"info","message":"[12:46:28] 데이터베이스 연결 성공"}
{"level":"info","message":"[12:46:44] 데이터베이스 연결 성공"}
{"level":"info","message":"[12:47:28] 데이터베이스 연결 성공"}
{"level":"info","message":"[12:47:41] 데이터베이스 연결 성공"}
{"level":"info","message":"[12:48:23] 데이터베이스 연결 성공"}
{"level":"info","message":"[12:50:07] 데이터베이스 연결 성공"}
{"level":"info","message":"[12:50:11] 데이터베이스 연결 성공"}
{"level":"info","message":"[12:51:16] 데이터베이스 연결 성공"}
{"level":"info","message":"[12:51:23] 데이터베이스 연결 성공"}
{"level":"info","message":"[12:52:56] 데이터베이스 연결 성공"}
{"level":"info","message":"[12:53:02] 데이터베이스 연결 성공"}
{"level":"info","message":"[12:53:05] 데이터베이스 연결 성공"}
{"level":"info","message":"[12:53:10] 데이터베이스 연결 성공"}
{"level":"info","message":"[12:53:16] 데이터베이스 연결 성공"}
{"level":"info","message":"[12:53:29] 데이터베이스 연결 성공"}
{"level":"info","message":"[12:53:30] 데이터베이스 연결 성공"}
{"level":"info","message":"[12:53:42] 데이터베이스 연결 성공"}
{"level":"info","message":"[12:53:53] 데이터베이스 연결 성공"}
{"level":"info","message":"[12:54:51] 데이터베이스 연결 성공"}
{"level":"info","message":"[12:55:02] 데이터베이스 연결 성공"}
{"level":"info","message":"[12:55:13] 데이터베이스 연결 성공"}
{"level":"info","message":"[12:55:54] 데이터베이스 연결 성공"}
{"level":"info","message":"[12:55:57] 데이터베이스 연결 성공"}
{"level":"info","message":"[12:56:07] 데이터베이스 연결 성공"}
{"level":"info","message":"[12:56:14] 데이터베이스 연결 성공"}
{"level":"info","message":"[12:56:28] 데이터베이스 연결 성공"}
{"level":"info","message":"[12:56:35] 데이터베이스 연결 성공"}
{"level":"info","message":"[13:00:34] 데이터베이스 연결 성공"}
{"level":"info","message":"[13:01:16] 데이터베이스 연결 성공"}
{"level":"info","message":"[13:01:25] 데이터베이스 연결 성공"}
{"level":"info","message":"[13:02:21] 데이터베이스 연결 성공"}
{"level":"info","message":"[13:02:41] 데이터베이스 연결 성공"}
{"level":"info","message":"[13:03:02] 데이터베이스 연결 성공"}
{"level":"info","message":"[13:03:08] 데이터베이스 연결 성공"}
{"level":"info","message":"[13:03:36] 데이터베이스 연결 성공"}
{"level":"info","message":"[13:04:02] 데이터베이스 연결 성공"}
{"level":"info","message":"[13:10:44] 데이터베이스 연결 성공"}
{"level":"info","message":"[13:11:10] 데이터베이스 연결 성공"}
{"level":"info","message":"[14:32:06] 데이터베이스 연결 성공"}
{"level":"info","message":"[14:33:12] 데이터베이스 연결 성공"}
{"level":"info","message":"[14:33:32] 데이터베이스 연결 성공"}
{"level":"info","message":"[14:35:42] 데이터베이스 연결 성공"}
{"level":"info","message":"[14:35:49] 데이터베이스 연결 성공"}
{"level":"info","message":"[14:35:52] 데이터베이스 연결 성공"}
{"level":"info","message":"[14:36:06] 데이터베이스 연결 성공"}
{"level":"info","message":"[14:36:10] 데이터베이스 연결 성공"}
{"level":"info","message":"[14:36:53] 데이터베이스 연결 성공"}
{"level":"info","message":"[14:37:16] 데이터베이스 연결 성공"}
{"level":"info","message":"[14:37:31] 데이터베이스 연결 성공"}
{"level":"info","message":"[14:37:50] 데이터베이스 연결 성공"}
{"level":"info","message":"[14:37:53] 데이터베이스 연결 성공"}
{"level":"info","message":"[14:38:00] 데이터베이스 연결 성공"}
{"level":"info","message":"[14:51:40] 데이터베이스 연결 성공"}
{"level":"info","message":"[14:51:47] 데이터베이스 연결 성공"}
{"level":"info","message":"[14:52:57] 데이터베이스 연결 성공"}
{"level":"info","message":"[14:53:23] 데이터베이스 연결 성공"}
{"level":"info","message":"[14:53:24] 데이터베이스 연결 성공"}
{"level":"info","message":"[14:53:36] 데이터베이스 연결 성공"}
{"level":"info","message":"[14:54:41] 데이터베이스 연결 성공"}
{"level":"info","message":"[14:54:50] 데이터베이스 연결 성공"}
{"level":"info","message":"[14:55:09] 데이터베이스 연결 성공"}
{"level":"info","message":"[14:56:27] 데이터베이스 연결 성공"}
{"level":"info","message":"[14:56:51] 데이터베이스 연결 성공"}
{"level":"info","message":"[14:56:54] 데이터베이스 연결 성공"}
{"level":"info","message":"[15:08:31] 데이터베이스 연결 성공"}
{"level":"info","message":"[15:08:56] 데이터베이스 연결 성공"}
{"level":"info","message":"[15:09:36] 데이터베이스 연결 성공"}
{"level":"info","message":"[15:10:00] 데이터베이스 연결 성공"}
{"level":"info","message":"[15:10:30] 데이터베이스 연결 성공"}
{"level":"info","message":"[15:11:27] 데이터베이스 연결 성공"}
{"level":"info","message":"[15:20:58] 데이터베이스 연결 성공"}
{"level":"info","message":"[15:21:33] 데이터베이스 연결 성공"}
{"level":"info","message":"[15:22:05] 데이터베이스 연결 성공"}
{"level":"info","message":"[15:22:09] 데이터베이스 연결 성공"}
{"level":"info","message":"[15:22:38] 데이터베이스 연결 성공"}
{"level":"info","message":"[15:23:16] 데이터베이스 연결 성공"}
{"level":"info","message":"[15:23:28] 데이터베이스 연결 성공"}
{"level":"info","message":"[15:23:36] 데이터베이스 연결 성공"}
{"level":"info","message":"[15:23:45] 데이터베이스 연결 성공"}
{"level":"info","message":"[15:24:48] 데이터베이스 연결 성공"}
{"level":"info","message":"[15:24:50] 데이터베이스 연결 성공"}
{"level":"info","message":"[15:24:54] 데이터베이스 연결 성공"}
{"level":"info","message":"[15:25:11] 데이터베이스 연결 성공"}
{"level":"info","message":"[15:25:35] 데이터베이스 연결 성공"}
{"level":"info","message":"[15:25:43] 데이터베이스 연결 성공"}
{"level":"info","message":"[15:25:56] 데이터베이스 연결 성공"}
{"level":"info","message":"[15:26:17] 데이터베이스 연결 성공"}
{"level":"info","message":"[15:27:11] 데이터베이스 연결 성공"}
{"level":"info","message":"[15:27:53] 데이터베이스 연결 성공"}
{"level":"info","message":"[15:28:37] 데이터베이스 연결 성공"}
{"level":"info","message":"[15:29:00] 데이터베이스 연결 성공"}
{"level":"info","message":"[15:29:03] 데이터베이스 연결 성공"}
{"level":"info","message":"[15:31:25] 데이터베이스 연결 성공"}
{"level":"info","message":"[15:31:51] 데이터베이스 연결 성공"}
{"level":"info","message":"[15:32:33] 데이터베이스 연결 성공"}
{"level":"info","message":"[15:32:40] 데이터베이스 연결 성공"}
{"level":"info","message":"[15:32:41] 데이터베이스 연결 성공"}
{"level":"info","message":"[15:33:16] 데이터베이스 연결 성공"}
{"level":"error","message":"[15:33:22] 404 GET /schedule?stamp=1640358000는 없는 페이지 입니다."}
{"level":"error","message":"[15:33:22] Error: GET /schedule?stamp=1640358000는 없는 페이지 입니다.\n    at D:\\node-schedule\\app.js:53:16\n    at Layer.handle [as handle_request] (D:\\node-schedule\\node_modules\\express\\lib\\router\\layer.js:95:5)\n    at trim_prefix (D:\\node-schedule\\node_modules\\express\\lib\\router\\index.js:317:13)\n    at D:\\node-schedule\\node_modules\\express\\lib\\router\\index.js:284:7\n    at Function.process_params (D:\\node-schedule\\node_modules\\express\\lib\\router\\index.js:335:12)\n    at next (D:\\node-schedule\\node_modules\\express\\lib\\router\\index.js:275:10)\n    at D:\\node-schedule\\node_modules\\express\\lib\\router\\index.js:635:15\n    at next (D:\\node-schedule\\node_modules\\express\\lib\\router\\index.js:260:14)\n    at Function.handle (D:\\node-schedule\\node_modules\\express\\lib\\router\\index.js:174:3)\n    at router (D:\\node-schedule\\node_modules\\express\\lib\\router\\index.js:47:12)"}
{"level":"info","message":"[15:34:12] 데이터베이스 연결 성공"}
{"level":"info","message":"[15:34:50] 데이터베이스 연결 성공"}
{"level":"info","message":"[15:35:03] 데이터베이스 연결 성공"}
{"level":"info","message":"[15:35:10] 데이터베이스 연결 성공"}
{"level":"info","message":"[15:35:25] 데이터베이스 연결 성공"}
{"level":"info","message":"[15:36:26] 데이터베이스 연결 성공"}
{"level":"info","message":"[15:36:38] 데이터베이스 연결 성공"}
{"level":"info","message":"[15:36:56] 데이터베이스 연결 성공"}
{"level":"info","message":"[15:37:23] 데이터베이스 연결 성공"}
{"level":"info","message":"[15:37:43] 데이터베이스 연결 성공"}
{"level":"info","message":"[15:37:48] 데이터베이스 연결 성공"}
{"level":"info","message":"[15:37:51] 데이터베이스 연결 성공"}
{"level":"info","message":"[15:38:16] 데이터베이스 연결 성공"}
{"level":"error","message":"[15:47:08] 404 POST /?year=2021&month=12는 없는 페이지 입니다."}
{"level":"error","message":"[15:47:08] Error: POST /?year=2021&month=12는 없는 페이지 입니다.\n    at D:\\node-schedule\\app.js:53:16\n    at Layer.handle [as handle_request] (D:\\node-schedule\\node_modules\\express\\lib\\router\\layer.js:95:5)\n    at trim_prefix (D:\\node-schedule\\node_modules\\express\\lib\\router\\index.js:317:13)\n    at D:\\node-schedule\\node_modules\\express\\lib\\router\\index.js:284:7\n    at Function.process_params (D:\\node-schedule\\node_modules\\express\\lib\\router\\index.js:335:12)\n    at next (D:\\node-schedule\\node_modules\\express\\lib\\router\\index.js:275:10)\n    at D:\\node-schedule\\node_modules\\express\\lib\\router\\index.js:635:15\n    at next (D:\\node-schedule\\node_modules\\express\\lib\\router\\index.js:260:14)\n    at Function.handle (D:\\node-schedule\\node_modules\\express\\lib\\router\\index.js:174:3)\n    at router (D:\\node-schedule\\node_modules\\express\\lib\\router\\index.js:47:12)"}
{"level":"info","message":"[15:48:34] 데이터베이스 연결 성공"}
{"level":"info","message":"[15:49:06] 데이터베이스 연결 성공"}
{"level":"info","message":"[15:49:07] 데이터베이스 연결 성공"}
{"level":"error","message":"[15:49:17] 404 POST /?year=2021&month=12는 없는 페이지 입니다."}
{"level":"error","message":"[15:49:17] Error: POST /?year=2021&month=12는 없는 페이지 입니다.\n    at D:\\node-schedule\\app.js:53:16\n    at Layer.handle [as handle_request] (D:\\node-schedule\\node_modules\\express\\lib\\router\\layer.js:95:5)\n    at trim_prefix (D:\\node-schedule\\node_modules\\express\\lib\\router\\index.js:317:13)\n    at D:\\node-schedule\\node_modules\\express\\lib\\router\\index.js:284:7\n    at Function.process_params (D:\\node-schedule\\node_modules\\express\\lib\\router\\index.js:335:12)\n    at next (D:\\node-schedule\\node_modules\\express\\lib\\router\\index.js:275:10)\n    at D:\\node-schedule\\node_modules\\express\\lib\\router\\index.js:635:15\n    at next (D:\\node-schedule\\node_modules\\express\\lib\\router\\index.js:260:14)\n    at Function.handle (D:\\node-schedule\\node_modules\\express\\lib\\router\\index.js:174:3)\n    at router (D:\\node-schedule\\node_modules\\express\\lib\\router\\index.js:47:12)"}
{"level":"info","message":"[15:49:27] 데이터베이스 연결 성공"}
{"level":"info","message":"[15:50:17] 데이터베이스 연결 성공"}
{"level":"info","message":"[15:50:45] 데이터베이스 연결 성공"}
{"level":"info","message":"[15:51:06] 데이터베이스 연결 성공"}
{"level":"info","message":"[15:52:33] 데이터베이스 연결 성공"}
{"level":"info","message":"[15:53:35] 데이터베이스 연결 성공"}
{"level":"info","message":"[15:53:40] 데이터베이스 연결 성공"}
{"level":"info","message":"[15:53:44] 데이터베이스 연결 성공"}
{"level":"info","message":"[15:53:48] 데이터베이스 연결 성공"}
{"level":"info","message":"[15:54:51] 데이터베이스 연결 성공"}
{"level":"info","message":"[15:55:00] 데이터베이스 연결 성공"}
{"level":"info","message":"[15:55:08] 데이터베이스 연결 성공"}
{"level":"info","message":"[15:55:36] 데이터베이스 연결 성공"}
{"level":"info","message":"[15:56:30] 데이터베이스 연결 성공"}
{"level":"info","message":"[15:56:52] 데이터베이스 연결 성공"}
{"level":"info","message":"[15:57:15] 데이터베이스 연결 성공"}
{"level":"info","message":"[16:04:54] 데이터베이스 연결 성공"}
{"level":"info","message":"[16:07:01] 데이터베이스 연결 성공"}
{"level":"error","message":"[16:09:34] 500 (D:\\node-schedule\\views\\form.html) [Line 10, Column 109]\n  expected block end in if statement"}
{"level":"error","message":"[16:09:34] Template render error: (D:\\node-schedule\\views\\form.html) [Line 10, Column 109]\n  expected block end in if statement\n    at Object._prettifyError (D:\\node-schedule\\node_modules\\nunjucks\\src\\lib.js:36:11)\n    at Template.render (D:\\node-schedule\\node_modules\\nunjucks\\src\\environment.js:538:21)\n    at D:\\node-schedule\\node_modules\\nunjucks\\src\\environment.js:366:27\n    at createTemplate (D:\\node-schedule\\node_modules\\nunjucks\\src\\environment.js:315:9)\n    at handle (D:\\node-schedule\\node_modules\\nunjucks\\src\\environment.js:327:11)\n    at D:\\node-schedule\\node_modules\\nunjucks\\src\\environment.js:339:9\n    at next (D:\\node-schedule\\node_modules\\nunjucks\\src\\lib.js:328:7)\n    at Object.asyncIter (D:\\node-schedule\\node_modules\\nunjucks\\src\\lib.js:334:3)\n    at Environment.getTemplate (D:\\node-schedule\\node_modules\\nunjucks\\src\\environment.js:321:9)\n    at Environment.render (D:\\node-schedule\\node_modules\\nunjucks\\src\\environment.js:360:10)"}
{"level":"info","message":"[16:34:21] 데이터베이스 연결 성공"}
{"level":"info","message":"[16:34:49] 데이터베이스 연결 성공"}
{"level":"info","message":"[16:35:03] 데이터베이스 연결 성공"}
{"level":"info","message":"[16:35:16] 데이터베이스 연결 성공"}
{"level":"info","message":"[16:36:06] 데이터베이스 연결 성공"}
{"level":"info","message":"[16:37:09] 데이터베이스 연결 성공"}
{"level":"info","message":"[16:37:22] 데이터베이스 연결 성공"}
{"level":"info","message":"[16:37:49] 데이터베이스 연결 성공"}
{"level":"info","message":"[16:38:23] 데이터베이스 연결 성공"}
{"level":"info","message":"[16:39:18] 데이터베이스 연결 성공"}
{"level":"info","message":"[16:39:22] 데이터베이스 연결 성공"}
{"level":"info","message":"[16:39:43] 데이터베이스 연결 성공"}
{"level":"info","message":"[16:39:48] 데이터베이스 연결 성공"}
{"level":"info","message":"[16:40:14] 데이터베이스 연결 성공"}
{"level":"info","message":"[16:41:59] 데이터베이스 연결 성공"}
{"level":"info","message":"[16:42:12] 데이터베이스 연결 성공"}
{"level":"info","message":"[16:42:18] 데이터베이스 연결 성공"}
{"level":"info","message":"[16:42:34] 데이터베이스 연결 성공"}
{"level":"info","message":"[16:42:58] 데이터베이스 연결 성공"}
{"level":"info","message":"[16:44:12] 데이터베이스 연결 성공"}
{"level":"info","message":"[16:44:48] 데이터베이스 연결 성공"}
{"level":"info","message":"[16:45:11] 데이터베이스 연결 성공"}
{"level":"info","message":"[16:45:46] 데이터베이스 연결 성공"}
{"level":"info","message":"[16:46:00] 데이터베이스 연결 성공"}
{"level":"info","message":"[16:46:10] 데이터베이스 연결 성공"}
{"level":"info","message":"[16:46:13] 데이터베이스 연결 성공"}
{"level":"info","message":"[16:46:17] 데이터베이스 연결 성공"}
{"level":"info","message":"[16:46:18] 데이터베이스 연결 성공"}
{"level":"info","message":"[16:47:47] 데이터베이스 연결 성공"}
{"level":"info","message":"[16:47:51] 데이터베이스 연결 성공"}
{"level":"info","message":"[16:48:23] 데이터베이스 연결 성공"}
{"level":"info","message":"[16:48:51] 데이터베이스 연결 성공"}
{"level":"info","message":"[16:49:05] 데이터베이스 연결 성공"}
{"level":"info","message":"[16:49:22] 데이터베이스 연결 성공"}
{"level":"info","message":"[16:49:45] 데이터베이스 연결 성공"}
{"level":"info","message":"[16:49:52] 데이터베이스 연결 성공"}
{"level":"info","message":"[16:50:24] 데이터베이스 연결 성공"}
{"level":"info","message":"[16:51:40] 데이터베이스 연결 성공"}
{"level":"info","message":"[16:51:59] 데이터베이스 연결 성공"}
{"level":"info","message":"[16:52:09] 데이터베이스 연결 성공"}
{"level":"info","message":"[16:52:14] 데이터베이스 연결 성공"}
{"level":"info","message":"[16:52:41] 데이터베이스 연결 성공"}
{"level":"info","message":"[16:53:08] 데이터베이스 연결 성공"}
{"level":"info","message":"[16:53:15] 데이터베이스 연결 성공"}
{"level":"info","message":"[16:53:27] 데이터베이스 연결 성공"}
{"level":"info","message":"[16:53:40] 데이터베이스 연결 성공"}
{"level":"info","message":"[16:54:11] 데이터베이스 연결 성공"}
{"level":"info","message":"[16:54:20] 데이터베이스 연결 성공"}
{"level":"info","message":"[16:54:35] 데이터베이스 연결 성공"}
{"level":"info","message":"[16:55:14] 데이터베이스 연결 성공"}
{"level":"info","message":"[17:03:55] 데이터베이스 연결 성공"}
{"level":"info","message":"[17:05:14] 데이터베이스 연결 성공"}
{"level":"info","message":"[17:05:45] 데이터베이스 연결 성공"}
{"level":"info","message":"[17:06:33] 데이터베이스 연결 성공"}
{"level":"info","message":"[17:06:39] 데이터베이스 연결 성공"}
{"level":"info","message":"[17:07:56] 데이터베이스 연결 성공"}
{"level":"info","message":"[17:08:39] 데이터베이스 연결 성공"}
{"level":"info","message":"[17:09:03] 데이터베이스 연결 성공"}
{"level":"info","message":"[17:09:36] 데이터베이스 연결 성공"}
{"level":"info","message":"[17:09:39] 데이터베이스 연결 성공"}
{"level":"info","message":"[17:09:47] 데이터베이스 연결 성공"}
{"level":"info","message":"[17:09:53] 데이터베이스 연결 성공"}
{"level":"info","message":"[17:10:18] 데이터베이스 연결 성공"}
{"level":"info","message":"[17:10:43] 데이터베이스 연결 성공"}
{"level":"info","message":"[17:10:56] 데이터베이스 연결 성공"}
{"level":"info","message":"[17:10:58] 데이터베이스 연결 성공"}
{"level":"info","message":"[17:11:23] 데이터베이스 연결 성공"}
{"level":"info","message":"[17:11:38] 데이터베이스 연결 성공"}
{"level":"info","message":"[17:22:33] 데이터베이스 연결 성공"}
{"level":"info","message":"[17:22:34] 데이터베이스 연결 성공"}
{"level":"error","message":"[17:22:48] Validation error"}
{"level":"error","message":"[17:22:48] SequelizeUniqueConstraintError: Validation error\n    at Query.formatError (D:\\node-schedule\\node_modules\\sequelize\\lib\\dialects\\mysql\\query.js:242:16)\n    at Query.run (D:\\node-schedule\\node_modules\\sequelize\\lib\\dialects\\mysql\\query.js:77:18)\n    at processTicksAndRejections (internal/process/task_queues.js:93:5)\n    at async D:\\node-schedule\\node_modules\\sequelize\\lib\\sequelize.js:619:16\n    at async Object.add (D:\\node-schedule\\models\\scheduler.js:152:4)\n    at async D:\\node-schedule\\routes\\index.js:36:18"}
{"level":"info","message":"[17:24:34] 데이터베이스 연결 성공"}
{"level":"info","message":"[17:27:31] 데이터베이스 연결 성공"}
{"level":"info","message":"[17:27:40] 데이터베이스 연결 성공"}
{"level":"error","message":"[17:28:25] Validation error"}
{"level":"error","message":"[17:28:25] SequelizeUniqueConstraintError: Validation error\n    at Query.formatError (D:\\node-schedule\\node_modules\\sequelize\\lib\\dialects\\mysql\\query.js:242:16)\n    at Query.run (D:\\node-schedule\\node_modules\\sequelize\\lib\\dialects\\mysql\\query.js:77:18)\n    at processTicksAndRejections (internal/process/task_queues.js:93:5)\n    at async D:\\node-schedule\\node_modules\\sequelize\\lib\\sequelize.js:619:16\n    at async Object.add (D:\\node-schedule\\models\\scheduler.js:152:4)\n    at async D:\\node-schedule\\routes\\index.js:36:18"}
{"level":"info","message":"[17:29:25] 데이터베이스 연결 성공"}
{"level":"error","message":"[17:29:30] SequelizeUniqueConstraintError: Validation error\n    at Query.formatError (D:\\node-schedule\\node_modules\\sequelize\\lib\\dialects\\mysql\\query.js:242:16)\n    at Query.run (D:\\node-schedule\\node_modules\\sequelize\\lib\\dialects\\mysql\\query.js:77:18)\n    at processTicksAndRejections (internal/process/task_queues.js:93:5)\n    at async D:\\node-schedule\\node_modules\\sequelize\\lib\\sequelize.js:619:16\n    at async Object.add (D:\\node-schedule\\models\\scheduler.js:152:4)\n    at async D:\\node-schedule\\routes\\index.js:36:18"}
{"level":"error","message":"[17:29:30] Validation error"}
{"level":"info","message":"[17:30:13] 데이터베이스 연결 성공"}
{"level":"info","message":"[17:30:14] 데이터베이스 연결 성공"}
{"level":"info","message":"[17:34:52] 데이터베이스 연결 성공"}
{"level":"info","message":"[17:35:43] 데이터베이스 연결 성공"}
{"level":"info","message":"[17:36:04] 데이터베이스 연결 성공"}
{"level":"info","message":"[17:36:47] 데이터베이스 연결 성공"}
{"level":"info","message":"[17:36:53] 데이터베이스 연결 성공"}
{"level":"info","message":"[17:37:07] 데이터베이스 연결 성공"}
{"level":"info","message":"[17:37:16] 데이터베이스 연결 성공"}
{"level":"info","message":"[17:37:22] 데이터베이스 연결 성공"}
{"level":"info","message":"[17:39:10] 데이터베이스 연결 성공"}
{"level":"info","message":"[17:39:23] 데이터베이스 연결 성공"}
{"level":"info","message":"[17:39:31] 데이터베이스 연결 성공"}
{"level":"info","message":"[17:40:47] 데이터베이스 연결 성공"}
{"level":"info","message":"[17:42:29] 데이터베이스 연결 성공"}
{"level":"info","message":"[17:43:05] 데이터베이스 연결 성공"}
{"level":"info","message":"[17:44:23] 데이터베이스 연결 성공"}
{"level":"info","message":"[17:48:22] 데이터베이스 연결 성공"}
{"level":"info","message":"[17:50:25] 데이터베이스 연결 성공"}
{"level":"info","message":"[17:51:21] 데이터베이스 연결 성공"}
{"level":"info","message":"[17:51:28] 데이터베이스 연결 성공"}
{"level":"info","message":"[17:51:29] 데이터베이스 연결 성공"}
{"level":"info","message":"[17:51:31] 데이터베이스 연결 성공"}
{"level":"info","message":"[17:52:09] 데이터베이스 연결 성공"}
{"level":"info","message":"[17:53:03] 데이터베이스 연결 성공"}
{"level":"info","message":"[17:54:14] 데이터베이스 연결 성공"}
{"level":"info","message":"[17:57:21] 데이터베이스 연결 성공"}
{"level":"info","message":"[17:57:23] 데이터베이스 연결 성공"}
{"level":"info","message":"[17:58:15] 데이터베이스 연결 성공"}
{"level":"info","message":"[17:58:18] 데이터베이스 연결 성공"}
{"level":"info","message":"[17:58:59] 데이터베이스 연결 성공"}
{"level":"info","message":"[18:00:06] 데이터베이스 연결 성공"}
{"level":"info","message":"[18:00:13] 데이터베이스 연결 성공"}
{"level":"info","message":"[18:03:08] 데이터베이스 연결 성공"}
{"level":"info","message":"[18:03:44] 데이터베이스 연결 성공"}
{"level":"info","message":"[18:04:03] 데이터베이스 연결 성공"}
{"level":"info","message":"[18:06:34] 데이터베이스 연결 성공"}
{"level":"info","message":"[18:07:24] 데이터베이스 연결 성공"}
{"level":"info","message":"[18:07:29] 데이터베이스 연결 성공"}
{"level":"info","message":"[18:08:05] 데이터베이스 연결 성공"}
{"level":"info","message":"[18:08:18] 데이터베이스 연결 성공"}
{"level":"info","message":"[18:08:29] 데이터베이스 연결 성공"}
{"level":"info","message":"[18:08:44] 데이터베이스 연결 성공"}
{"level":"info","message":"[18:08:56] 데이터베이스 연결 성공"}
{"level":"info","message":"[18:09:08] 데이터베이스 연결 성공"}
{"level":"info","message":"[18:09:28] 데이터베이스 연결 성공"}
{"level":"info","message":"[18:10:07] 데이터베이스 연결 성공"}
